2023-11-17T15:31:09.632+05:30  INFO 22792 --- [restartedMain] c.api.book.Bootjpaexample1Application    : Starting Bootjpaexample1Application using Java 17.0.7 with PID 22792 (C:\Users\SHREYA\Desktop\Study Material\Springboot Tutorial\restapi\target\classes started by SHREYA in C:\Users\SHREYA\Desktop\Study Material\Springboot Tutorial\restapi)
2023-11-17T15:31:09.633+05:30 DEBUG 22792 --- [restartedMain] c.api.book.Bootjpaexample1Application    : Running with Spring Boot v3.1.1, Spring v6.0.10
2023-11-17T15:31:09.634+05:30  INFO 22792 --- [restartedMain] c.api.book.Bootjpaexample1Application    : No active profile set, falling back to 1 default profile: "default"
2023-11-17T15:31:10.025+05:30  INFO 22792 --- [restartedMain] .s.d.r.c.RepositoryConfigurationDelegate : Bootstrapping Spring Data JPA repositories in DEFAULT mode.
2023-11-17T15:31:10.065+05:30  INFO 22792 --- [restartedMain] .s.d.r.c.RepositoryConfigurationDelegate : Finished Spring Data repository scanning in 20 ms. Found 3 JPA repository interfaces.
2023-11-17T15:31:10.206+05:30  INFO 22792 --- [restartedMain] o.s.b.w.embedded.tomcat.TomcatWebServer  : Tomcat initialized with port(s): 8080 (http)
2023-11-17T15:31:10.207+05:30  INFO 22792 --- [restartedMain] o.apache.catalina.core.StandardService   : Starting service [Tomcat]
2023-11-17T15:31:10.207+05:30  INFO 22792 --- [restartedMain] o.apache.catalina.core.StandardEngine    : Starting Servlet engine: [Apache Tomcat/10.1.10]
2023-11-17T15:31:10.256+05:30  INFO 22792 --- [restartedMain] o.a.c.c.C.[Tomcat-1].[localhost].[/]     : Initializing Spring embedded WebApplicationContext
2023-11-17T15:31:10.257+05:30  INFO 22792 --- [restartedMain] w.s.c.ServletWebServerApplicationContext : Root WebApplicationContext: initialization completed in 618 ms
2023-11-17T15:31:10.279+05:30  INFO 22792 --- [restartedMain] com.zaxxer.hikari.HikariDataSource       : test - Starting...
2023-11-17T15:31:10.306+05:30  INFO 22792 --- [restartedMain] com.zaxxer.hikari.pool.HikariPool        : test - Added connection com.mysql.cj.jdbc.ConnectionImpl@3a93e044
2023-11-17T15:31:10.306+05:30  INFO 22792 --- [restartedMain] com.zaxxer.hikari.HikariDataSource       : test - Start completed.
2023-11-17T15:31:10.307+05:30  INFO 22792 --- [restartedMain] o.s.b.a.h2.H2ConsoleAutoConfiguration    : H2 console available at '/h2-console'. Database available at 'jdbc:mysql://localhost:3306/test?serverTimezone=UTC'
2023-11-17T15:31:10.350+05:30  INFO 22792 --- [restartedMain] o.hibernate.jpa.internal.util.LogHelper  : HHH000204: Processing PersistenceUnitInfo [name: default]
2023-11-17T15:31:10.367+05:30  INFO 22792 --- [restartedMain] o.h.b.i.BytecodeProviderInitiator        : HHH000021: Bytecode provider name : bytebuddy
2023-11-17T15:31:10.368+05:30  INFO 22792 --- [restartedMain] o.s.o.j.p.SpringPersistenceUnitInfo      : No LoadTimeWeaver setup: ignoring JPA class transformer
2023-11-17T15:31:10.371+05:30  WARN 22792 --- [restartedMain] org.hibernate.orm.deprecation            : HHH90000026: MySQL57Dialect has been deprecated; use org.hibernate.dialect.MySQLDialect instead
2023-11-17T15:31:10.410+05:30  INFO 22792 --- [restartedMain] o.h.b.i.BytecodeProviderInitiator        : HHH000021: Bytecode provider name : bytebuddy
2023-11-17T15:31:10.520+05:30  INFO 22792 --- [restartedMain] o.h.e.t.j.p.i.JtaPlatformInitiator       : HHH000490: Using JtaPlatform implementation: [org.hibernate.engine.transaction.jta.platform.internal.NoJtaPlatform]
2023-11-17T15:31:10.593+05:30  INFO 22792 --- [restartedMain] j.LocalContainerEntityManagerFactoryBean : Initialized JPA EntityManagerFactory for persistence unit 'default'
2023-11-17T15:31:10.809+05:30  WARN 22792 --- [restartedMain] JpaBaseConfiguration$JpaWebConfiguration : spring.jpa.open-in-view is enabled by default. Therefore, database queries may be performed during view rendering. Explicitly configure spring.jpa.open-in-view to disable this warning
2023-11-17T15:31:10.986+05:30  INFO 22792 --- [restartedMain] o.s.b.d.a.OptionalLiveReloadServer       : LiveReload server is running on port 35729
2023-11-17T15:31:11.015+05:30  INFO 22792 --- [restartedMain] o.s.b.w.embedded.tomcat.TomcatWebServer  : Tomcat started on port(s): 8080 (http) with context path ''
2023-11-17T15:31:11.023+05:30  INFO 22792 --- [restartedMain] c.api.book.Bootjpaexample1Application    : Started Bootjpaexample1Application in 1.514 seconds (process running for 9634.162)
2023-11-17T15:31:11.026+05:30  INFO 22792 --- [restartedMain] .ConditionEvaluationDeltaLoggingListener : Condition evaluation unchanged
2023-11-17T15:31:24.350+05:30  INFO 20436 --- [restartedMain] c.api.book.Bootjpaexample1Application    : Starting Bootjpaexample1Application using Java 17.0.7 with PID 20436 (C:\Users\SHREYA\Desktop\Study Material\Springboot Tutorial\restapi\target\classes started by SHREYA in C:\Users\SHREYA\Desktop\Study Material\Springboot Tutorial\restapi)
2023-11-17T15:31:24.367+05:30 DEBUG 20436 --- [restartedMain] c.api.book.Bootjpaexample1Application    : Running with Spring Boot v3.1.1, Spring v6.0.10
2023-11-17T15:31:24.375+05:30  INFO 20436 --- [restartedMain] c.api.book.Bootjpaexample1Application    : No active profile set, falling back to 1 default profile: "default"
2023-11-17T15:31:24.924+05:30  INFO 20436 --- [restartedMain] .e.DevToolsPropertyDefaultsPostProcessor : Devtools property defaults active! Set 'spring.devtools.add-properties' to 'false' to disable
2023-11-17T15:31:24.925+05:30  INFO 20436 --- [restartedMain] .e.DevToolsPropertyDefaultsPostProcessor : For additional web related logging consider setting the 'logging.level.web' property to 'DEBUG'
2023-11-17T15:31:30.302+05:30  INFO 20436 --- [restartedMain] .s.d.r.c.RepositoryConfigurationDelegate : Bootstrapping Spring Data JPA repositories in DEFAULT mode.
2023-11-17T15:31:30.644+05:30  INFO 20436 --- [restartedMain] .s.d.r.c.RepositoryConfigurationDelegate : Finished Spring Data repository scanning in 266 ms. Found 3 JPA repository interfaces.
2023-11-17T15:31:35.890+05:30  INFO 20436 --- [restartedMain] o.s.b.w.embedded.tomcat.TomcatWebServer  : Tomcat initialized with port(s): 8080 (http)
2023-11-17T15:31:36.005+05:30  INFO 20436 --- [restartedMain] o.apache.catalina.core.StandardService   : Starting service [Tomcat]
2023-11-17T15:31:36.006+05:30  INFO 20436 --- [restartedMain] o.apache.catalina.core.StandardEngine    : Starting Servlet engine: [Apache Tomcat/10.1.10]
2023-11-17T15:31:36.562+05:30  INFO 20436 --- [restartedMain] o.a.c.c.C.[Tomcat].[localhost].[/]       : Initializing Spring embedded WebApplicationContext
2023-11-17T15:31:36.564+05:30  INFO 20436 --- [restartedMain] w.s.c.ServletWebServerApplicationContext : Root WebApplicationContext: initialization completed in 11631 ms
2023-11-17T15:31:37.003+05:30  INFO 20436 --- [restartedMain] com.zaxxer.hikari.HikariDataSource       : test - Starting...
2023-11-17T15:31:38.971+05:30  INFO 20436 --- [restartedMain] com.zaxxer.hikari.pool.HikariPool        : test - Added connection com.mysql.cj.jdbc.ConnectionImpl@93c2a5e
2023-11-17T15:31:38.977+05:30  INFO 20436 --- [restartedMain] com.zaxxer.hikari.HikariDataSource       : test - Start completed.
2023-11-17T15:31:39.027+05:30  INFO 20436 --- [restartedMain] o.s.b.a.h2.H2ConsoleAutoConfiguration    : H2 console available at '/h2-console'. Database available at 'jdbc:mysql://localhost:3306/test?serverTimezone=UTC'
2023-11-17T15:31:42.363+05:30  INFO 20436 --- [restartedMain] o.hibernate.jpa.internal.util.LogHelper  : HHH000204: Processing PersistenceUnitInfo [name: default]
2023-11-17T15:31:43.126+05:30  INFO 20436 --- [restartedMain] org.hibernate.Version                    : HHH000412: Hibernate ORM core version 6.2.5.Final
2023-11-17T15:31:43.136+05:30  INFO 20436 --- [restartedMain] org.hibernate.cfg.Environment            : HHH000406: Using bytecode reflection optimizer
2023-11-17T15:31:43.738+05:30  INFO 20436 --- [restartedMain] o.h.b.i.BytecodeProviderInitiator        : HHH000021: Bytecode provider name : bytebuddy
2023-11-17T15:31:44.265+05:30  INFO 20436 --- [restartedMain] o.s.o.j.p.SpringPersistenceUnitInfo      : No LoadTimeWeaver setup: ignoring JPA class transformer
2023-11-17T15:31:44.496+05:30  WARN 20436 --- [restartedMain] org.hibernate.orm.deprecation            : HHH90000026: MySQL57Dialect has been deprecated; use org.hibernate.dialect.MySQLDialect instead
2023-11-17T15:31:45.344+05:30  INFO 20436 --- [restartedMain] o.h.b.i.BytecodeProviderInitiator        : HHH000021: Bytecode provider name : bytebuddy
2023-11-17T15:31:47.210+05:30  INFO 20436 --- [restartedMain] o.h.e.t.j.p.i.JtaPlatformInitiator       : HHH000490: Using JtaPlatform implementation: [org.hibernate.engine.transaction.jta.platform.internal.NoJtaPlatform]
2023-11-17T15:31:47.407+05:30  INFO 20436 --- [restartedMain] j.LocalContainerEntityManagerFactoryBean : Initialized JPA EntityManagerFactory for persistence unit 'default'
2023-11-17T15:31:48.178+05:30  INFO 20436 --- [restartedMain] o.s.d.j.r.query.QueryEnhancerFactory     : Hibernate is in classpath; If applicable, HQL parser will be used.
2023-11-17T15:31:50.190+05:30  WARN 20436 --- [restartedMain] JpaBaseConfiguration$JpaWebConfiguration : spring.jpa.open-in-view is enabled by default. Therefore, database queries may be performed during view rendering. Explicitly configure spring.jpa.open-in-view to disable this warning
2023-11-17T15:31:51.588+05:30  INFO 20436 --- [restartedMain] o.s.b.d.a.OptionalLiveReloadServer       : LiveReload server is running on port 35729
2023-11-17T15:31:51.747+05:30  INFO 20436 --- [restartedMain] o.s.b.w.embedded.tomcat.TomcatWebServer  : Tomcat started on port(s): 8080 (http) with context path ''
2023-11-17T15:31:51.797+05:30  INFO 20436 --- [restartedMain] c.api.book.Bootjpaexample1Application    : Started Bootjpaexample1Application in 29.781 seconds (process running for 32.394)
2023-11-17T15:31:56.011+05:30  INFO 20436 --- [http-nio-8080-exec-1] o.a.c.c.C.[Tomcat].[localhost].[/]       : Initializing Spring DispatcherServlet 'dispatcherServlet'
2023-11-17T15:31:56.012+05:30  INFO 20436 --- [http-nio-8080-exec-1] o.s.web.servlet.DispatcherServlet        : Initializing Servlet 'dispatcherServlet'
2023-11-17T15:31:56.015+05:30  INFO 20436 --- [http-nio-8080-exec-1] o.s.web.servlet.DispatcherServlet        : Completed initialization in 3 ms
2023-11-17T15:31:56.584+05:30  INFO 20436 --- [http-nio-8080-exec-1] com.api.book.controller.BookController   : getAll request received
2023-11-17T15:31:56.586+05:30 DEBUG 20436 --- [http-nio-8080-exec-1] com.api.book.controller.BookController   : getAll request received DEBUG
2023-11-17T16:34:48.209+05:30  WARN 20436 --- [test housekeeper] com.zaxxer.hikari.pool.HikariPool        : test - Thread starvation or clock leap detected (housekeeper delta=59m39s39ms286µs700ns).
2023-11-17T16:38:58.341+05:30  INFO 20436 --- [File Watcher] rtingClassPathChangeChangedEventListener : Restarting due to 1 class path change (0 additions, 0 deletions, 1 modification)
2023-11-17T16:38:58.397+05:30  INFO 20436 --- [Thread-5] o.apache.catalina.core.StandardService   : Stopping service [Tomcat]
2023-11-17T16:38:58.402+05:30  INFO 20436 --- [Thread-5] o.a.c.c.C.[Tomcat].[localhost].[/]       : Destroying Spring FrameworkServlet 'dispatcherServlet'
2023-11-17T16:38:58.420+05:30  INFO 20436 --- [Thread-5] j.LocalContainerEntityManagerFactoryBean : Closing JPA EntityManagerFactory for persistence unit 'default'
2023-11-17T16:38:58.434+05:30  INFO 20436 --- [Thread-5] com.zaxxer.hikari.HikariDataSource       : test - Shutdown initiated...
2023-11-17T16:38:58.478+05:30  INFO 20436 --- [Thread-5] com.zaxxer.hikari.HikariDataSource       : test - Shutdown completed.
2023-11-17T16:38:59.262+05:30  INFO 20436 --- [restartedMain] c.api.book.Bootjpaexample1Application    : Starting Bootjpaexample1Application using Java 17.0.7 with PID 20436 (C:\Users\SHREYA\Desktop\Study Material\Springboot Tutorial\restapi\target\classes started by SHREYA in C:\Users\SHREYA\Desktop\Study Material\Springboot Tutorial\restapi)
2023-11-17T16:38:59.264+05:30 DEBUG 20436 --- [restartedMain] c.api.book.Bootjpaexample1Application    : Running with Spring Boot v3.1.1, Spring v6.0.10
2023-11-17T16:38:59.266+05:30  INFO 20436 --- [restartedMain] c.api.book.Bootjpaexample1Application    : No active profile set, falling back to 1 default profile: "default"
2023-11-17T16:39:01.357+05:30  INFO 20436 --- [restartedMain] .s.d.r.c.RepositoryConfigurationDelegate : Bootstrapping Spring Data JPA repositories in DEFAULT mode.
2023-11-17T16:39:01.487+05:30  INFO 20436 --- [restartedMain] .s.d.r.c.RepositoryConfigurationDelegate : Finished Spring Data repository scanning in 128 ms. Found 3 JPA repository interfaces.
2023-11-17T16:39:02.573+05:30  INFO 20436 --- [restartedMain] o.s.b.w.embedded.tomcat.TomcatWebServer  : Tomcat initialized with port(s): 8080 (http)
2023-11-17T16:39:02.576+05:30  INFO 20436 --- [restartedMain] o.apache.catalina.core.StandardService   : Starting service [Tomcat]
2023-11-17T16:39:02.577+05:30  INFO 20436 --- [restartedMain] o.apache.catalina.core.StandardEngine    : Starting Servlet engine: [Apache Tomcat/10.1.10]
2023-11-17T16:39:02.765+05:30  INFO 20436 --- [restartedMain] o.a.c.c.C.[Tomcat].[localhost].[/]       : Initializing Spring embedded WebApplicationContext
2023-11-17T16:39:02.766+05:30  INFO 20436 --- [restartedMain] w.s.c.ServletWebServerApplicationContext : Root WebApplicationContext: initialization completed in 3427 ms
2023-11-17T16:39:02.912+05:30  INFO 20436 --- [restartedMain] com.zaxxer.hikari.HikariDataSource       : test - Starting...
2023-11-17T16:39:02.984+05:30  INFO 20436 --- [restartedMain] com.zaxxer.hikari.pool.HikariPool        : test - Added connection com.mysql.cj.jdbc.ConnectionImpl@33cb03eb
2023-11-17T16:39:02.985+05:30  INFO 20436 --- [restartedMain] com.zaxxer.hikari.HikariDataSource       : test - Start completed.
2023-11-17T16:39:02.986+05:30  INFO 20436 --- [restartedMain] o.s.b.a.h2.H2ConsoleAutoConfiguration    : H2 console available at '/h2-console'. Database available at 'jdbc:mysql://localhost:3306/test?serverTimezone=UTC'
2023-11-17T16:39:03.296+05:30  INFO 20436 --- [restartedMain] o.hibernate.jpa.internal.util.LogHelper  : HHH000204: Processing PersistenceUnitInfo [name: default]
2023-11-17T16:39:03.443+05:30  INFO 20436 --- [restartedMain] o.h.b.i.BytecodeProviderInitiator        : HHH000021: Bytecode provider name : bytebuddy
2023-11-17T16:39:03.444+05:30  INFO 20436 --- [restartedMain] o.s.o.j.p.SpringPersistenceUnitInfo      : No LoadTimeWeaver setup: ignoring JPA class transformer
2023-11-17T16:39:03.450+05:30  WARN 20436 --- [restartedMain] org.hibernate.orm.deprecation            : HHH90000026: MySQL57Dialect has been deprecated; use org.hibernate.dialect.MySQLDialect instead
2023-11-17T16:39:03.589+05:30  INFO 20436 --- [restartedMain] o.h.b.i.BytecodeProviderInitiator        : HHH000021: Bytecode provider name : bytebuddy
2023-11-17T16:39:04.245+05:30  INFO 20436 --- [restartedMain] o.h.e.t.j.p.i.JtaPlatformInitiator       : HHH000490: Using JtaPlatform implementation: [org.hibernate.engine.transaction.jta.platform.internal.NoJtaPlatform]
2023-11-17T16:39:04.354+05:30  INFO 20436 --- [restartedMain] j.LocalContainerEntityManagerFactoryBean : Initialized JPA EntityManagerFactory for persistence unit 'default'
2023-11-17T16:39:04.397+05:30  WARN 20436 --- [restartedMain] ConfigServletWebServerApplicationContext : Exception encountered during context initialization - cancelling refresh attempt: org.springframework.beans.factory.BeanCreationException: Error creating bean with name 'authorController' defined in file [C:\Users\SHREYA\Desktop\Study Material\Springboot Tutorial\restapi\target\classes\com\api\book\controller\AuthorController.class]: Failed to instantiate [com.api.book.controller.AuthorController]: Constructor threw exception
2023-11-17T16:39:04.397+05:30  INFO 20436 --- [restartedMain] j.LocalContainerEntityManagerFactoryBean : Closing JPA EntityManagerFactory for persistence unit 'default'
2023-11-17T16:39:04.399+05:30  INFO 20436 --- [restartedMain] com.zaxxer.hikari.HikariDataSource       : test - Shutdown initiated...
2023-11-17T16:39:04.425+05:30  INFO 20436 --- [restartedMain] com.zaxxer.hikari.HikariDataSource       : test - Shutdown completed.
2023-11-17T16:39:04.429+05:30  INFO 20436 --- [restartedMain] o.apache.catalina.core.StandardService   : Stopping service [Tomcat]
2023-11-17T16:39:04.455+05:30  INFO 20436 --- [restartedMain] .s.b.a.l.ConditionEvaluationReportLogger : 

Error starting ApplicationContext. To display the condition evaluation report re-run your application with 'debug' enabled.
2023-11-17T16:39:04.551+05:30 ERROR 20436 --- [restartedMain] o.s.boot.SpringApplication               : Application run failed

org.springframework.beans.factory.BeanCreationException: Error creating bean with name 'authorController' defined in file [C:\Users\SHREYA\Desktop\Study Material\Springboot Tutorial\restapi\target\classes\com\api\book\controller\AuthorController.class]: Failed to instantiate [com.api.book.controller.AuthorController]: Constructor threw exception
	at org.springframework.beans.factory.support.AbstractAutowireCapableBeanFactory.instantiateBean(AbstractAutowireCapableBeanFactory.java:1314) ~[spring-beans-6.0.10.jar:6.0.10]
	at org.springframework.beans.factory.support.AbstractAutowireCapableBeanFactory.createBeanInstance(AbstractAutowireCapableBeanFactory.java:1199) ~[spring-beans-6.0.10.jar:6.0.10]
	at org.springframework.beans.factory.support.AbstractAutowireCapableBeanFactory.doCreateBean(AbstractAutowireCapableBeanFactory.java:560) ~[spring-beans-6.0.10.jar:6.0.10]
	at org.springframework.beans.factory.support.AbstractAutowireCapableBeanFactory.createBean(AbstractAutowireCapableBeanFactory.java:520) ~[spring-beans-6.0.10.jar:6.0.10]
	at org.springframework.beans.factory.support.AbstractBeanFactory.lambda$doGetBean$0(AbstractBeanFactory.java:326) ~[spring-beans-6.0.10.jar:6.0.10]
	at org.springframework.beans.factory.support.DefaultSingletonBeanRegistry.getSingleton(DefaultSingletonBeanRegistry.java:234) ~[spring-beans-6.0.10.jar:6.0.10]
	at org.springframework.beans.factory.support.AbstractBeanFactory.doGetBean(AbstractBeanFactory.java:324) ~[spring-beans-6.0.10.jar:6.0.10]
	at org.springframework.beans.factory.support.AbstractBeanFactory.getBean(AbstractBeanFactory.java:200) ~[spring-beans-6.0.10.jar:6.0.10]
	at org.springframework.beans.factory.support.DefaultListableBeanFactory.preInstantiateSingletons(DefaultListableBeanFactory.java:973) ~[spring-beans-6.0.10.jar:6.0.10]
	at org.springframework.context.support.AbstractApplicationContext.finishBeanFactoryInitialization(AbstractApplicationContext.java:941) ~[spring-context-6.0.10.jar:6.0.10]
	at org.springframework.context.support.AbstractApplicationContext.refresh(AbstractApplicationContext.java:608) ~[spring-context-6.0.10.jar:6.0.10]
	at org.springframework.boot.web.servlet.context.ServletWebServerApplicationContext.refresh(ServletWebServerApplicationContext.java:146) ~[spring-boot-3.1.1.jar:3.1.1]
	at org.springframework.boot.SpringApplication.refresh(SpringApplication.java:734) ~[spring-boot-3.1.1.jar:3.1.1]
	at org.springframework.boot.SpringApplication.refreshContext(SpringApplication.java:436) ~[spring-boot-3.1.1.jar:3.1.1]
	at org.springframework.boot.SpringApplication.run(SpringApplication.java:312) ~[spring-boot-3.1.1.jar:3.1.1]
	at org.springframework.boot.SpringApplication.run(SpringApplication.java:1306) ~[spring-boot-3.1.1.jar:3.1.1]
	at org.springframework.boot.SpringApplication.run(SpringApplication.java:1295) ~[spring-boot-3.1.1.jar:3.1.1]
	at com.api.book.Bootjpaexample1Application.main(Bootjpaexample1Application.java:10) ~[classes/:na]
	at java.base/jdk.internal.reflect.NativeMethodAccessorImpl.invoke0(Native Method) ~[na:na]
	at java.base/jdk.internal.reflect.NativeMethodAccessorImpl.invoke(NativeMethodAccessorImpl.java:77) ~[na:na]
	at java.base/jdk.internal.reflect.DelegatingMethodAccessorImpl.invoke(DelegatingMethodAccessorImpl.java:43) ~[na:na]
	at java.base/java.lang.reflect.Method.invoke(Method.java:568) ~[na:na]
	at org.springframework.boot.devtools.restart.RestartLauncher.run(RestartLauncher.java:50) ~[spring-boot-devtools-3.1.1.jar:3.1.1]
Caused by: org.springframework.beans.BeanInstantiationException: Failed to instantiate [com.api.book.controller.AuthorController]: Constructor threw exception
	at org.springframework.beans.BeanUtils.instantiateClass(BeanUtils.java:224) ~[spring-beans-6.0.10.jar:6.0.10]
	at org.springframework.beans.factory.support.SimpleInstantiationStrategy.instantiate(SimpleInstantiationStrategy.java:87) ~[spring-beans-6.0.10.jar:6.0.10]
	at org.springframework.beans.factory.support.AbstractAutowireCapableBeanFactory.instantiateBean(AbstractAutowireCapableBeanFactory.java:1308) ~[spring-beans-6.0.10.jar:6.0.10]
	... 22 common frames omitted
Caused by: java.lang.Error: Unresolved compilation problems: 
	Syntax error, insert "enum Identifier" to complete EnumHeader
	Syntax error, insert "EnumBody" to complete EnumDeclaration

	at com.api.book.controller.AuthorController.<init>(AuthorController.java:31) ~[classes/:na]
	at java.base/jdk.internal.reflect.NativeConstructorAccessorImpl.newInstance0(Native Method) ~[na:na]
	at java.base/jdk.internal.reflect.NativeConstructorAccessorImpl.newInstance(NativeConstructorAccessorImpl.java:77) ~[na:na]
	at java.base/jdk.internal.reflect.DelegatingConstructorAccessorImpl.newInstance(DelegatingConstructorAccessorImpl.java:45) ~[na:na]
	at java.base/java.lang.reflect.Constructor.newInstanceWithCaller(Constructor.java:499) ~[na:na]
	at java.base/java.lang.reflect.Constructor.newInstance(Constructor.java:480) ~[na:na]
	at org.springframework.beans.BeanUtils.instantiateClass(BeanUtils.java:198) ~[spring-beans-6.0.10.jar:6.0.10]
	... 24 common frames omitted

2023-11-17T16:42:56.673+05:30  INFO 20436 --- [restartedMain] c.api.book.Bootjpaexample1Application    : Starting Bootjpaexample1Application using Java 17.0.7 with PID 20436 (C:\Users\SHREYA\Desktop\Study Material\Springboot Tutorial\restapi\target\classes started by SHREYA in C:\Users\SHREYA\Desktop\Study Material\Springboot Tutorial\restapi)
2023-11-17T16:42:56.675+05:30 DEBUG 20436 --- [restartedMain] c.api.book.Bootjpaexample1Application    : Running with Spring Boot v3.1.1, Spring v6.0.10
2023-11-17T16:42:56.677+05:30  INFO 20436 --- [restartedMain] c.api.book.Bootjpaexample1Application    : No active profile set, falling back to 1 default profile: "default"
2023-11-17T16:43:00.094+05:30  INFO 20436 --- [restartedMain] .s.d.r.c.RepositoryConfigurationDelegate : Bootstrapping Spring Data JPA repositories in DEFAULT mode.
2023-11-17T16:43:00.286+05:30  INFO 20436 --- [restartedMain] .s.d.r.c.RepositoryConfigurationDelegate : Finished Spring Data repository scanning in 188 ms. Found 3 JPA repository interfaces.
2023-11-17T16:43:00.652+05:30  INFO 20436 --- [restartedMain] o.s.b.w.embedded.tomcat.TomcatWebServer  : Tomcat initialized with port(s): 8080 (http)
2023-11-17T16:43:00.661+05:30  INFO 20436 --- [restartedMain] o.apache.catalina.core.StandardService   : Starting service [Tomcat]
2023-11-17T16:43:00.662+05:30  INFO 20436 --- [restartedMain] o.apache.catalina.core.StandardEngine    : Starting Servlet engine: [Apache Tomcat/10.1.10]
2023-11-17T16:43:00.742+05:30  INFO 20436 --- [restartedMain] o.a.c.c.C.[Tomcat-1].[localhost].[/]     : Initializing Spring embedded WebApplicationContext
2023-11-17T16:43:00.743+05:30  INFO 20436 --- [restartedMain] w.s.c.ServletWebServerApplicationContext : Root WebApplicationContext: initialization completed in 3770 ms
2023-11-17T16:43:00.778+05:30  INFO 20436 --- [restartedMain] com.zaxxer.hikari.HikariDataSource       : test - Starting...
2023-11-17T16:43:00.824+05:30  INFO 20436 --- [restartedMain] com.zaxxer.hikari.pool.HikariPool        : test - Added connection com.mysql.cj.jdbc.ConnectionImpl@4f9cbddb
2023-11-17T16:43:00.825+05:30  INFO 20436 --- [restartedMain] com.zaxxer.hikari.HikariDataSource       : test - Start completed.
2023-11-17T16:43:00.825+05:30  INFO 20436 --- [restartedMain] o.s.b.a.h2.H2ConsoleAutoConfiguration    : H2 console available at '/h2-console'. Database available at 'jdbc:mysql://localhost:3306/test?serverTimezone=UTC'
2023-11-17T16:43:00.915+05:30  INFO 20436 --- [restartedMain] o.hibernate.jpa.internal.util.LogHelper  : HHH000204: Processing PersistenceUnitInfo [name: default]
2023-11-17T16:43:00.946+05:30  INFO 20436 --- [restartedMain] o.h.b.i.BytecodeProviderInitiator        : HHH000021: Bytecode provider name : bytebuddy
2023-11-17T16:43:00.947+05:30  INFO 20436 --- [restartedMain] o.s.o.j.p.SpringPersistenceUnitInfo      : No LoadTimeWeaver setup: ignoring JPA class transformer
2023-11-17T16:43:00.953+05:30  WARN 20436 --- [restartedMain] org.hibernate.orm.deprecation            : HHH90000026: MySQL57Dialect has been deprecated; use org.hibernate.dialect.MySQLDialect instead
2023-11-17T16:43:01.011+05:30  INFO 20436 --- [restartedMain] o.h.b.i.BytecodeProviderInitiator        : HHH000021: Bytecode provider name : bytebuddy
2023-11-17T16:43:01.201+05:30  INFO 20436 --- [restartedMain] o.h.e.t.j.p.i.JtaPlatformInitiator       : HHH000490: Using JtaPlatform implementation: [org.hibernate.engine.transaction.jta.platform.internal.NoJtaPlatform]
2023-11-17T16:43:01.306+05:30  INFO 20436 --- [restartedMain] j.LocalContainerEntityManagerFactoryBean : Initialized JPA EntityManagerFactory for persistence unit 'default'
2023-11-17T16:43:01.622+05:30  WARN 20436 --- [restartedMain] JpaBaseConfiguration$JpaWebConfiguration : spring.jpa.open-in-view is enabled by default. Therefore, database queries may be performed during view rendering. Explicitly configure spring.jpa.open-in-view to disable this warning
2023-11-17T16:43:02.026+05:30  INFO 20436 --- [restartedMain] o.s.b.d.a.OptionalLiveReloadServer       : LiveReload server is running on port 35729
2023-11-17T16:43:02.074+05:30  INFO 20436 --- [restartedMain] o.s.b.w.embedded.tomcat.TomcatWebServer  : Tomcat started on port(s): 8080 (http) with context path ''
2023-11-17T16:43:02.087+05:30  INFO 20436 --- [restartedMain] c.api.book.Bootjpaexample1Application    : Started Bootjpaexample1Application in 5.773 seconds (process running for 4302.684)
2023-11-17T16:43:02.095+05:30  INFO 20436 --- [restartedMain] .ConditionEvaluationDeltaLoggingListener : Condition evaluation unchanged
